<?xml version="1.0" encoding="UTF-8" ?>
<testsuites name="vitest tests" tests="22" failures="6" errors="0" time="0.1839241">
    <testsuite name="tests/e2e/poi-api.test.js" timestamp="2025-11-03T14:31:53.759Z" hostname="Rejnyx_x" tests="22" failures="6" errors="0" skipped="0" time="0.1839241">
        <testcase classname="tests/e2e/poi-api.test.js" name="POI API Endpoints &gt; GET /api/v1/peaks &gt; should return list of all active peaks" time="0.0698896">
            <system-err>
[POI API] Error fetching peaks: {
  message: [32m&apos;TypeError: fetch failed&apos;[39m,
  details: [32m&apos;TypeError: fetch failed\n&apos;[39m +
    [32m&apos;    at node:internal/deps/undici/undici:15845:13\n&apos;[39m +
    [32m&apos;    at processTicksAndRejections (node:internal/process/task_queues:103:5)\n&apos;[39m +
    [32m&apos;    at C:/Users/david/Desktop/APPs/HikeAI/backend/src/routes/poi.js:44:29&apos;[39m,
  hint: [32m&apos;&apos;[39m,
  code: [32m&apos;&apos;[39m
}

            </system-err>
            <failure message="expected 200 &quot;OK&quot;, got 500 &quot;Internal Server Error&quot;" type="Error">
Error: expected 200 &quot;OK&quot;, got 500 &quot;Internal Server Error&quot;
 ❯ tests/e2e/poi-api.test.js:10:10
 ❯ Test._assertStatus node_modules/supertest/lib/test.js:309:14
 ❯ node_modules/supertest/lib/test.js:365:13
 ❯ Test._assertFunction node_modules/supertest/lib/test.js:342:13
 ❯ Test.assert node_modules/supertest/lib/test.js:195:23
 ❯ localAssert node_modules/supertest/lib/test.js:138:14
 ❯ Server.&lt;anonymous&gt; node_modules/supertest/lib/test.js:152:11
            </failure>
        </testcase>
        <testcase classname="tests/e2e/poi-api.test.js" name="POI API Endpoints &gt; GET /api/v1/peaks &gt; should return peaks ordered by elevation desc" time="0.0078183">
            <system-err>
[POI API] Error fetching peaks: {
  message: [32m&apos;TypeError: fetch failed&apos;[39m,
  details: [32m&apos;TypeError: fetch failed\n&apos;[39m +
    [32m&apos;    at node:internal/deps/undici/undici:15845:13\n&apos;[39m +
    [32m&apos;    at processTicksAndRejections (node:internal/process/task_queues:103:5)\n&apos;[39m +
    [32m&apos;    at C:/Users/david/Desktop/APPs/HikeAI/backend/src/routes/poi.js:44:29&apos;[39m,
  hint: [32m&apos;&apos;[39m,
  code: [32m&apos;&apos;[39m
}

            </system-err>
            <failure message="expected 200 &quot;OK&quot;, got 500 &quot;Internal Server Error&quot;" type="Error">
Error: expected 200 &quot;OK&quot;, got 500 &quot;Internal Server Error&quot;
 ❯ tests/e2e/poi-api.test.js:30:10
 ❯ Test._assertStatus node_modules/supertest/lib/test.js:309:14
 ❯ node_modules/supertest/lib/test.js:365:13
 ❯ Test._assertFunction node_modules/supertest/lib/test.js:342:13
 ❯ Test.assert node_modules/supertest/lib/test.js:195:23
 ❯ localAssert node_modules/supertest/lib/test.js:138:14
 ❯ Server.&lt;anonymous&gt; node_modules/supertest/lib/test.js:152:11
            </failure>
        </testcase>
        <testcase classname="tests/e2e/poi-api.test.js" name="POI API Endpoints &gt; GET /api/v1/peaks/search &gt; should search peaks by name" time="0.0101587">
            <failure message="expected 200 &quot;OK&quot;, got 404 &quot;Not Found&quot;" type="Error">
Error: expected 200 &quot;OK&quot;, got 404 &quot;Not Found&quot;
 ❯ tests/e2e/poi-api.test.js:48:10
 ❯ Test._assertStatus node_modules/supertest/lib/test.js:309:14
 ❯ node_modules/supertest/lib/test.js:365:13
 ❯ Test._assertFunction node_modules/supertest/lib/test.js:342:13
 ❯ Test.assert node_modules/supertest/lib/test.js:195:23
 ❯ localAssert node_modules/supertest/lib/test.js:138:14
 ❯ Server.&lt;anonymous&gt; node_modules/supertest/lib/test.js:152:11
            </failure>
        </testcase>
        <testcase classname="tests/e2e/poi-api.test.js" name="POI API Endpoints &gt; GET /api/v1/peaks/search &gt; should return 400 for missing query param" time="0.0046275">
        </testcase>
        <testcase classname="tests/e2e/poi-api.test.js" name="POI API Endpoints &gt; GET /api/v1/peaks/search &gt; should return 400 for too short query (&lt;2 chars)" time="0.0041762">
        </testcase>
        <testcase classname="tests/e2e/poi-api.test.js" name="POI API Endpoints &gt; GET /api/v1/peaks/search &gt; should return 404 for non-existent peak" time="0.0083756">
        </testcase>
        <testcase classname="tests/e2e/poi-api.test.js" name="POI API Endpoints &gt; GET /api/v1/peaks/search &gt; should handle fuzzy matching (name variants)" time="0.0075668">
            <failure message="expected 200 &quot;OK&quot;, got 404 &quot;Not Found&quot;" type="Error">
Error: expected 200 &quot;OK&quot;, got 404 &quot;Not Found&quot;
 ❯ tests/e2e/poi-api.test.js:91:10
 ❯ Test._assertStatus node_modules/supertest/lib/test.js:309:14
 ❯ node_modules/supertest/lib/test.js:365:13
 ❯ Test._assertFunction node_modules/supertest/lib/test.js:342:13
 ❯ Test.assert node_modules/supertest/lib/test.js:195:23
 ❯ localAssert node_modules/supertest/lib/test.js:138:14
 ❯ Server.&lt;anonymous&gt; node_modules/supertest/lib/test.js:152:11
            </failure>
        </testcase>
        <testcase classname="tests/e2e/poi-api.test.js" name="POI API Endpoints &gt; GET /api/v1/peaks/:id &gt; should return peak details by ID" time="0.0003315">
            <system-err>
Skipping test - no peaks in database

            </system-err>
        </testcase>
        <testcase classname="tests/e2e/poi-api.test.js" name="POI API Endpoints &gt; GET /api/v1/peaks/:id &gt; should return 404 for non-existent peak ID" time="0.0061987">
        </testcase>
        <testcase classname="tests/e2e/poi-api.test.js" name="POI API Endpoints &gt; GET /api/v1/peaks/:id &gt; should return 404 for invalid peak ID format" time="0.0163786">
        </testcase>
        <testcase classname="tests/e2e/poi-api.test.js" name="POI API Endpoints &gt; GET /api/v1/peaks/:id/pois &gt; should return POIs for a peak" time="0.0003517">
            <system-err>
Skipping test - no peaks in database

            </system-err>
        </testcase>
        <testcase classname="tests/e2e/poi-api.test.js" name="POI API Endpoints &gt; GET /api/v1/peaks/:id/pois &gt; should filter POIs by type" time="0.0001145">
        </testcase>
        <testcase classname="tests/e2e/poi-api.test.js" name="POI API Endpoints &gt; GET /api/v1/peaks/:id/pois &gt; should respect limit parameter" time="0.0000583">
        </testcase>
        <testcase classname="tests/e2e/poi-api.test.js" name="POI API Endpoints &gt; GET /api/v1/peaks/:id/pois &gt; should return POIs ordered by distance" time="0.000069">
        </testcase>
        <testcase classname="tests/e2e/poi-api.test.js" name="POI API Endpoints &gt; GET /api/v1/peaks/:id/nearest-poi &gt; should return nearest POI of specified type" time="0.0001713">
        </testcase>
        <testcase classname="tests/e2e/poi-api.test.js" name="POI API Endpoints &gt; GET /api/v1/peaks/:id/nearest-poi &gt; should return 400 for missing type parameter" time="0.0000639">
        </testcase>
        <testcase classname="tests/e2e/poi-api.test.js" name="POI API Endpoints &gt; GET /api/v1/peaks/:id/nearest-poi &gt; should return 404 when no POI of type exists" time="0.0000493">
        </testcase>
        <testcase classname="tests/e2e/poi-api.test.js" name="POI API Endpoints &gt; Security: SQL Injection Prevention &gt; should handle SQL injection in search query" time="0.0119769">
            <system-err>
[POI API] Error fetching peaks: {
  message: [32m&apos;TypeError: fetch failed&apos;[39m,
  details: [32m&apos;TypeError: fetch failed\n&apos;[39m +
    [32m&apos;    at node:internal/deps/undici/undici:15845:13\n&apos;[39m +
    [32m&apos;    at processTicksAndRejections (node:internal/process/task_queues:103:5)\n&apos;[39m +
    [32m&apos;    at C:/Users/david/Desktop/APPs/HikeAI/backend/src/routes/poi.js:44:29&apos;[39m,
  hint: [32m&apos;&apos;[39m,
  code: [32m&apos;&apos;[39m
}

            </system-err>
            <failure message="expected 200 &quot;OK&quot;, got 500 &quot;Internal Server Error&quot;" type="Error">
Error: expected 200 &quot;OK&quot;, got 500 &quot;Internal Server Error&quot;
 ❯ tests/e2e/poi-api.test.js:290:10
 ❯ Test._assertStatus node_modules/supertest/lib/test.js:309:14
 ❯ node_modules/supertest/lib/test.js:365:13
 ❯ Test._assertFunction node_modules/supertest/lib/test.js:342:13
 ❯ Test.assert node_modules/supertest/lib/test.js:195:23
 ❯ localAssert node_modules/supertest/lib/test.js:138:14
 ❯ Server.&lt;anonymous&gt; node_modules/supertest/lib/test.js:152:11
            </failure>
        </testcase>
        <testcase classname="tests/e2e/poi-api.test.js" name="POI API Endpoints &gt; Security: SQL Injection Prevention &gt; should handle SQL injection in type filter" time="0.0047454">
            <system-err>
[POI API] Error fetching peaks: {
  message: [32m&apos;TypeError: fetch failed&apos;[39m,
  details: [32m&apos;TypeError: fetch failed\n&apos;[39m +
    [32m&apos;    at node:internal/deps/undici/undici:15845:13\n&apos;[39m +
    [32m&apos;    at processTicksAndRejections (node:internal/process/task_queues:103:5)\n&apos;[39m +
    [32m&apos;    at C:/Users/david/Desktop/APPs/HikeAI/backend/src/routes/poi.js:44:29&apos;[39m,
  hint: [32m&apos;&apos;[39m,
  code: [32m&apos;&apos;[39m
}

            </system-err>
        </testcase>
        <testcase classname="tests/e2e/poi-api.test.js" name="POI API Endpoints &gt; Security: XSS Prevention &gt; should sanitize XSS attempts in search query" time="0.006489">
        </testcase>
        <testcase classname="tests/e2e/poi-api.test.js" name="POI API Endpoints &gt; Error Handling &gt; should handle database connection failure gracefully" time="0.0001965">
        </testcase>
        <testcase classname="tests/e2e/poi-api.test.js" name="POI API Endpoints &gt; Error Handling &gt; should handle malformed requests" time="0.0053848">
            <system-err>
[POI API] Error fetching POIs: {
  message: [32m&apos;TypeError: fetch failed&apos;[39m,
  details: [32m&apos;TypeError: fetch failed\n&apos;[39m +
    [32m&apos;    at node:internal/deps/undici/undici:15845:13\n&apos;[39m +
    [32m&apos;    at processTicksAndRejections (node:internal/process/task_queues:103:5)\n&apos;[39m +
    [32m&apos;    at C:/Users/david/Desktop/APPs/HikeAI/backend/src/routes/poi.js:197:29&apos;[39m,
  hint: [32m&apos;&apos;[39m,
  code: [32m&apos;&apos;[39m
}

            </system-err>
            <failure message="expected 404 &quot;Not Found&quot;, got 500 &quot;Internal Server Error&quot;" type="Error">
Error: expected 404 &quot;Not Found&quot;, got 500 &quot;Internal Server Error&quot;
 ❯ tests/e2e/poi-api.test.js:335:10
 ❯ Test._assertStatus node_modules/supertest/lib/test.js:309:14
 ❯ node_modules/supertest/lib/test.js:365:13
 ❯ Test._assertFunction node_modules/supertest/lib/test.js:342:13
 ❯ Test.assert node_modules/supertest/lib/test.js:195:23
 ❯ localAssert node_modules/supertest/lib/test.js:138:14
 ❯ Server.&lt;anonymous&gt; node_modules/supertest/lib/test.js:152:11
            </failure>
        </testcase>
    </testsuite>
</testsuites>
